c:\users\hd129b\desktop\pipenetmanager\debug\acceleratelib.lib
c:\users\hd129b\desktop\pipenetmanager\debug\acceleratelib.exp
c:\users\hd129b\desktop\pipenetmanager\pipenetmanager\bin\debug\acceleratelib.lib
c:\users\hd129b\desktop\pipenetmanager\pipenetmanager\bin\debug\acceleratelib.exp
c:\users\hd129b\desktop\pipenetmanager\pipenetmanager\acceleratelib\debug\acceleratelib.pch
c:\users\hd129b\desktop\pipenetmanager\pipenetmanager\acceleratelib\debug\vc120.pdb
c:\users\hd129b\desktop\pipenetmanager\pipenetmanager\acceleratelib\debug\vc120.idb
c:\users\hd129b\desktop\pipenetmanager\pipenetmanager\acceleratelib\debug\stdafx.obj
c:\users\hd129b\desktop\pipenetmanager\pipenetmanager\acceleratelib\debug\acceleratelib.obj
c:\users\hd129b\desktop\pipenetmanager\pipenetmanager\acceleratelib\debug\dllmain.obj
c:\users\hd129b\desktop\pipenetmanager\pipenetmanager\bin\debug\acceleratelib.ilk
c:\users\hd129b\desktop\pipenetmanager\pipenetmanager\bin\debug\acceleratelib.dll
c:\users\hd129b\desktop\pipenetmanager\pipenetmanager\bin\debug\acceleratelib.pdb
c:\users\hd129b\desktop\pipenetmanager\pipenetmanager\acceleratelib\debug\acceleratelib.tlog\acceleratelib.write.1u.tlog
c:\users\hd129b\desktop\pipenetmanager\pipenetmanager\acceleratelib\debug\acceleratelib.tlog\cl.command.1.tlog
c:\users\hd129b\desktop\pipenetmanager\pipenetmanager\acceleratelib\debug\acceleratelib.tlog\cl.read.1.tlog
c:\users\hd129b\desktop\pipenetmanager\pipenetmanager\acceleratelib\debug\acceleratelib.tlog\cl.read.2.tlog
c:\users\hd129b\desktop\pipenetmanager\pipenetmanager\acceleratelib\debug\acceleratelib.tlog\cl.read.3.tlog
c:\users\hd129b\desktop\pipenetmanager\pipenetmanager\acceleratelib\debug\acceleratelib.tlog\cl.read.4.tlog
c:\users\hd129b\desktop\pipenetmanager\pipenetmanager\acceleratelib\debug\acceleratelib.tlog\cl.read.5.tlog
c:\users\hd129b\desktop\pipenetmanager\pipenetmanager\acceleratelib\debug\acceleratelib.tlog\cl.write.1.tlog
c:\users\hd129b\desktop\pipenetmanager\pipenetmanager\acceleratelib\debug\acceleratelib.tlog\cl.write.2.tlog
c:\users\hd129b\desktop\pipenetmanager\pipenetmanager\acceleratelib\debug\acceleratelib.tlog\cl.write.3.tlog
c:\users\hd129b\desktop\pipenetmanager\pipenetmanager\acceleratelib\debug\acceleratelib.tlog\cl.write.4.tlog
c:\users\hd129b\desktop\pipenetmanager\pipenetmanager\acceleratelib\debug\acceleratelib.tlog\cl.write.5.tlog
c:\users\hd129b\desktop\pipenetmanager\pipenetmanager\acceleratelib\debug\acceleratelib.tlog\link.command.1.tlog
c:\users\hd129b\desktop\pipenetmanager\pipenetmanager\acceleratelib\debug\acceleratelib.tlog\link.read.1.tlog
c:\users\hd129b\desktop\pipenetmanager\pipenetmanager\acceleratelib\debug\acceleratelib.tlog\link.write.1.tlog
